<?xml version="1.0" encoding="UTF-8"?>
<coverage generated="1749482719122" clover="3.2.0">
  <project timestamp="1749482719122" name="All files">
    <metrics statements="47" coveredstatements="33" conditionals="8" coveredconditionals="3" methods="15" coveredmethods="10" elements="70" coveredelements="46" complexity="0" loc="47" ncloc="47" packages="2" files="2" classes="2"/>
    <package name="analytics">
      <metrics statements="30" coveredstatements="17" conditionals="3" coveredconditionals="0" methods="7" coveredmethods="4"/>
      <file name="engine.ts" path="/Users/olegkizyma/workspaces/MVP/ventai-app/services/analytics/engine.ts">
        <metrics statements="30" coveredstatements="17" conditionals="3" coveredconditionals="0" methods="7" coveredmethods="4"/>
        <line num="7" count="1" type="stmt"/>
        <line num="10" count="1" type="stmt"/>
        <line num="12" count="1" type="stmt"/>
        <line num="15" count="1" type="stmt"/>
        <line num="24" count="2" type="stmt"/>
        <line num="25" count="2" type="stmt"/>
        <line num="27" count="2" type="stmt"/>
        <line num="28" count="1" type="cond" truecount="0" falsecount="1"/>
        <line num="29" count="0" type="stmt"/>
        <line num="32" count="1" type="stmt"/>
        <line num="36" count="2" type="stmt"/>
        <line num="44" count="3" type="stmt"/>
        <line num="45" count="3" type="stmt"/>
        <line num="46" count="3" type="stmt"/>
        <line num="48" count="3" type="stmt"/>
        <line num="53" count="3" type="stmt"/>
        <line num="55" count="3" type="stmt"/>
        <line num="65" count="0" type="stmt"/>
        <line num="66" count="0" type="stmt"/>
        <line num="67" count="0" type="stmt"/>
        <line num="68" count="0" type="stmt"/>
        <line num="70" count="0" type="stmt"/>
        <line num="79" count="0" type="stmt"/>
        <line num="80" count="0" type="stmt"/>
        <line num="81" count="0" type="stmt"/>
        <line num="84" count="0" type="stmt"/>
        <line num="85" count="0" type="cond" truecount="0" falsecount="2"/>
        <line num="90" count="0" type="stmt"/>
        <line num="92" count="0" type="stmt"/>
        <line num="102" count="3" type="stmt"/>
      </file>
    </package>
    <package name="redis">
      <metrics statements="17" coveredstatements="16" conditionals="5" coveredconditionals="3" methods="8" coveredmethods="6"/>
      <file name="connectionManager.ts" path="/Users/olegkizyma/workspaces/MVP/ventai-app/services/redis/connectionManager.ts">
        <metrics statements="17" coveredstatements="16" conditionals="5" coveredconditionals="3" methods="8" coveredmethods="6"/>
        <line num="1" count="2" type="stmt"/>
        <line num="5" count="2" type="cond" truecount="1" falsecount="1"/>
        <line num="9" count="2" type="stmt"/>
        <line num="11" count="2" type="stmt"/>
        <line num="12" count="7" type="stmt"/>
        <line num="13" count="7" type="stmt"/>
        <line num="16" count="7" type="stmt"/>
        <line num="17" count="7" type="stmt"/>
        <line num="20" count="7" type="stmt"/>
        <line num="21" count="7" type="stmt"/>
        <line num="26" count="3" type="stmt"/>
        <line num="27" count="1" type="stmt"/>
        <line num="29" count="2" type="stmt"/>
        <line num="33" count="2" type="stmt"/>
        <line num="37" count="0" type="stmt"/>
        <line num="42" count="5" type="stmt"/>
        <line num="46" count="2" type="stmt"/>
      </file>
    </package>
  </project>
</coverage>
