TN:
SF:services/analytics/engine.ts
FN:14,(anonymous_0)
FN:23,(anonymous_1)
FN:43,(anonymous_2)
FN:64,(anonymous_3)
FN:78,(anonymous_4)
FN:82,(anonymous_5)
FN:101,(anonymous_6)
FNF:7
FNH:4
FNDA:1,(anonymous_0)
FNDA:2,(anonymous_1)
FNDA:3,(anonymous_2)
FNDA:0,(anonymous_3)
FNDA:0,(anonymous_4)
FNDA:0,(anonymous_5)
FNDA:3,(anonymous_6)
DA:7,1
DA:10,1
DA:12,1
DA:15,1
DA:24,2
DA:25,2
DA:27,2
DA:28,1
DA:29,0
DA:32,1
DA:36,2
DA:44,3
DA:45,3
DA:46,3
DA:48,3
DA:53,3
DA:55,3
DA:65,0
DA:66,0
DA:67,0
DA:68,0
DA:70,0
DA:79,0
DA:80,0
DA:81,0
DA:84,0
DA:85,0
DA:90,0
DA:92,0
DA:102,3
LF:30
LH:17
BRDA:28,0,0,0
BRDA:85,1,0,0
BRDA:85,1,1,0
BRF:3
BRH:0
end_of_record
TN:
SF:services/redis/connectionManager.ts
FN:15,(anonymous_0)
FN:25,(anonymous_1)
FN:27,(anonymous_2)
FN:32,(anonymous_3)
FN:36,(anonymous_4)
FN:37,(anonymous_5)
FN:41,(anonymous_6)
FN:45,(anonymous_7)
FNF:8
FNH:6
FNDA:7,(anonymous_0)
FNDA:3,(anonymous_1)
FNDA:1,(anonymous_2)
FNDA:2,(anonymous_3)
FNDA:0,(anonymous_4)
FNDA:0,(anonymous_5)
FNDA:5,(anonymous_6)
FNDA:2,(anonymous_7)
DA:1,2
DA:5,2
DA:9,2
DA:11,2
DA:12,7
DA:13,7
DA:16,7
DA:17,7
DA:20,7
DA:21,7
DA:26,3
DA:27,1
DA:29,2
DA:33,2
DA:37,0
DA:42,5
DA:46,2
LF:17
LH:16
BRDA:5,0,0,2
BRDA:5,0,1,0
BRDA:15,1,0,0
BRDA:18,2,0,7
BRDA:18,2,1,7
BRF:5
BRH:3
end_of_record
